<?xml version="1.0" encoding="UTF-8"?>
<Site BuildName="Win32-mingw32-make"
	BuildStamp="20260402-2010-Experimental"
	Name="DESKTOP-BHBK8PI"
	Generator="ctest-4.3.1"
	CompilerName="C:/msys64/ucrt64/bin/g++.exe"
	CompilerVersion="15.2.0"
	OSName="Windows"
	Hostname="DESKTOP-BHBK8PI"
	OSRelease="10.0.26200"
	OSVersion="Windows 10"
	OSPlatform="AMD64"
	Is64Bits="1"
	VendorString="AuthenticAMD"
	VendorID="Advanced Micro Devices"
	FamilyID="15"
	ModelID="1"
	ModelName="AMD Ryzen 5 7500F 6-Core Processor"
	ProcessorCacheSize="64"
	NumberOfLogicalCPU="12"
	NumberOfPhysicalCPU="6"
	TotalVirtualMemory="2048"
	TotalPhysicalMemory="32480"
	LogicalProcessorsPerPhysical="2"
	ProcessorClockFrequency="3701.000000"
	>
	<Testing>
		<StartDateTime>Apr 20 22:42 Hora de verano romance</StartDateTime>
		<StartTestTime>1776717749</StartTestTime>
		<TestList/>
		<EndDateTime>Apr 20 22:42 Hora de verano romance</EndDateTime>
		<EndTestTime>1776717749</EndTestTime>
		<ElapsedMinutes>0</ElapsedMinutes>
	</Testing>
</Site>
